#
# A fatal error has been detected by the Java Runtime Environment:
#
#  EXCEPTION_ACCESS_VIOLATION (0xc0000005) at pc=0x00000000697463dc, pid=1920, tid=0x00000000000006e0
#
# JRE version: Java(TM) SE Runtime Environment (8.0_161-b12) (build 1.8.0_161-b12)
# Java VM: Java HotSpot(TM) 64-Bit Server VM (25.161-b12 mixed mode windows-amd64 compressed oops)
# Problematic frame:
# V  [jvm.dll+0xf63dc]
#
# Failed to write core dump. Minidumps are not enabled by default on client versions of Windows
#
# If you would like to submit a bug report, please visit:
#   http://bugreport.java.com/bugreport/crash.jsp
#

---------------  T H R E A D  ---------------

Current thread (0x000000001a128800):  VMThread [stack: 0x000000001be00000,0x000000001bf00000] [id=1760]

siginfo: ExceptionCode=0xc0000005, reading address 0x0000000000000010

Registers:
RAX=0x0000000000000000, RBX=0x0000000000000062, RCX=0x00000000000000ff, RDX=0x0000000000000062
RSP=0x000000001beff258, RBP=0x000000001beff360, RSI=0x00000000000000bb, RDI=0x000000000000004b
R8 =0x00000000050e0320, R9 =0x0000000000000003, R10=0x0000000000000003, R11=0x0000000022a3faa0
R12=0x000000001beff3f0, R13=0x000000001beff3e0, R14=0x0000000000000000, R15=0x0000000000000010
RIP=0x00000000697463dc, EFLAGS=0x0000000000010202

Top of Stack: (sp=0x000000001beff258)
0x000000001beff258:   0000000069824724 0000000000000000
0x000000001beff268:   0000000000000062 00000000000000bb
0x000000001beff278:   00000000698673d5 00000000050bb150
0x000000001beff288:   000000001ec72e60 0000000005a135d8
0x000000001beff298:   0000000005a134f8 0000000000000000
0x000000001beff2a8:   000000006994ec7e 0000000005a135d7
0x000000001beff2b8:   000000006850000a 00000000051f6190
0x000000001beff2c8:   0000000068010000 000000001ec733b0
0x000000001beff2d8:   00000000696e1050 0000abecf0e7cb2e
0x000000001beff2e8:   00000000051f61a0 0000abecf0e7c85e
0x000000001beff2f8:   000000001ec733b0 00000000051f61a0
0x000000001beff308:   00000000696e3ce5 0000000005a12b2d
0x000000001beff318:   00000000696ef13e 000000001ec7ae48
0x000000001beff328:   000000001beff420 0000000022a3e920
0x000000001beff338:   0000000000000000 0000000000000000
0x000000001beff348:   00000000696ef41d 000000001beff410 

Instructions: (pc=0x00000000697463dc)
0x00000000697463bc:   5f c3 cc cc 48 63 c2 48 8b 44 c1 50 48 89 44 24
0x00000000697463cc:   08 48 8b 44 24 08 0f b6 c8 f6 d1 f6 c1 01 74 05
0x00000000697463dc:   48 8b 40 10 c3 48 83 e0 fe c3 cc cc cc cc cc cc
0x00000000697463ec:   cc cc cc cc 48 89 54 24 10 49 63 c0 48 8b 44 c1 


Register to memory mapping:

RAX=0x0000000000000000 is an unknown value
RBX=0x0000000000000062 is an unknown value
RCX=0x00000000000000ff is an unknown value
RDX=0x0000000000000062 is an unknown value
RSP=0x000000001beff258 is an unknown value
RBP=0x000000001beff360 is an unknown value
RSI=0x00000000000000bb is an unknown value
RDI=0x000000000000004b is an unknown value
R8 =0x00000000050e0320 is an unknown value
R9 =0x0000000000000003 is an unknown value
R10=0x0000000000000003 is an unknown value
R11=0x0000000022a3faa0 is pointing into metadata
R12=0x000000001beff3f0 is an unknown value
R13=0x000000001beff3e0 is an unknown value
R14=0x0000000000000000 is an unknown value
R15=0x0000000000000010 is an unknown value


Stack: [0x000000001be00000,0x000000001bf00000],  sp=0x000000001beff258,  free space=1020k
Native frames: (J=compiled Java code, j=interpreted, Vv=VM code, C=native code)
V  [jvm.dll+0xf63dc]

VM_Operation (0x000000001cc2f720): RedefineClasses, mode: safepoint, requested by thread 0x000000001c042000, redefining class co.ceiba.parking.controller.ParkingController



---------------  P R O C E S S  ---------------

Java Threads: ( => current thread )
  0x000000002181e000 JavaThread "DestroyJavaVM" [_thread_blocked, id=7940, stack(0x0000000004f60000,0x0000000005060000)]
  0x000000002181e800 JavaThread "http-nio-8090-AsyncTimeout" daemon [_thread_blocked, id=10196, stack(0x00000000237b0000,0x00000000238b0000)]
  0x0000000021823000 JavaThread "http-nio-8090-Acceptor-0" daemon [_thread_in_native, id=804, stack(0x00000000236b0000,0x00000000237b0000)]
  0x0000000021822800 JavaThread "http-nio-8090-ClientPoller-1" daemon [_thread_in_native, id=11344, stack(0x00000000235b0000,0x00000000236b0000)]
  0x000000002181d000 JavaThread "http-nio-8090-ClientPoller-0" daemon [_thread_in_native, id=12020, stack(0x00000000234b0000,0x00000000235b0000)]
  0x0000000021820000 JavaThread "http-nio-8090-exec-10" daemon [_thread_blocked, id=11412, stack(0x00000000233b0000,0x00000000234b0000)]
  0x000000002180d000 JavaThread "http-nio-8090-exec-9" daemon [_thread_blocked, id=4012, stack(0x00000000232b0000,0x00000000233b0000)]
  0x000000002180c000 JavaThread "http-nio-8090-exec-8" daemon [_thread_blocked, id=8188, stack(0x00000000231b0000,0x00000000232b0000)]
  0x000000002180b800 JavaThread "http-nio-8090-exec-7" daemon [_thread_blocked, id=1888, stack(0x00000000230b0000,0x00000000231b0000)]
  0x000000002180a800 JavaThread "http-nio-8090-exec-6" daemon [_thread_blocked, id=13264, stack(0x0000000022fb0000,0x00000000230b0000)]
  0x0000000021806000 JavaThread "http-nio-8090-exec-5" daemon [_thread_blocked, id=6904, stack(0x0000000022eb0000,0x0000000022fb0000)]
  0x000000002180a000 JavaThread "http-nio-8090-exec-4" daemon [_thread_blocked, id=12532, stack(0x0000000022db0000,0x0000000022eb0000)]
  0x0000000021809000 JavaThread "http-nio-8090-exec-3" daemon [_thread_blocked, id=6876, stack(0x0000000022cb0000,0x0000000022db0000)]
  0x0000000021808800 JavaThread "http-nio-8090-exec-2" daemon [_thread_blocked, id=6152, stack(0x0000000022bb0000,0x0000000022cb0000)]
  0x0000000021807800 JavaThread "http-nio-8090-exec-1" daemon [_thread_blocked, id=8396, stack(0x0000000022ab0000,0x0000000022bb0000)]
  0x0000000021807000 JavaThread "NioBlockingSelector.BlockPoller-1" daemon [_thread_in_native, id=10700, stack(0x00000000227b0000,0x00000000228b0000)]
  0x000000001f360800 JavaThread "Abandoned connection cleanup thread" daemon [_thread_blocked, id=12592, stack(0x0000000020ae0000,0x0000000020be0000)]
  0x000000001f35d800 JavaThread "Tomcat JDBC Pool Cleaner[414493378:1519304677587]" daemon [_thread_blocked, id=6864, stack(0x00000000209e0000,0x0000000020ae0000)]
  0x000000001f2d5000 JavaThread "container-0" [_thread_blocked, id=3824, stack(0x00000000208e0000,0x00000000209e0000)]
  0x000000001f2c2000 JavaThread "ContainerBackgroundProcessor[StandardEngine[Tomcat]]" daemon [_thread_blocked, id=4808, stack(0x00000000207e0000,0x00000000208e0000)]
  0x000000001d7c9800 JavaThread "RMI TCP Accept-0" daemon [_thread_in_native, id=1576, stack(0x000000001dd30000,0x000000001de30000)]
  0x000000001d7c9000 JavaThread "RMI TCP Accept-60974" daemon [_thread_in_native, id=8836, stack(0x000000001dc30000,0x000000001dd30000)]
  0x000000001d7bb000 JavaThread "RMI TCP Accept-0" daemon [_thread_in_native, id=3888, stack(0x000000001db30000,0x000000001dc30000)]
  0x000000001c0f8800 JavaThread "Service Thread" daemon [_thread_blocked, id=1860, stack(0x000000001d230000,0x000000001d330000)]
  0x000000001c073000 JavaThread "C1 CompilerThread3" daemon [_thread_blocked, id=11028, stack(0x000000001d130000,0x000000001d230000)]
  0x000000001c06a800 JavaThread "C2 CompilerThread2" daemon [_thread_blocked, id=10764, stack(0x000000001d030000,0x000000001d130000)]
  0x000000001c067800 JavaThread "C2 CompilerThread1" daemon [_thread_blocked, id=12604, stack(0x000000001cf30000,0x000000001d030000)]
  0x000000001c061000 JavaThread "C2 CompilerThread0" daemon [_thread_blocked, id=9656, stack(0x000000001ce30000,0x000000001cf30000)]
  0x000000001c054800 JavaThread "JDWP Command Reader" daemon [_thread_in_native, id=2100, stack(0x000000001cd30000,0x000000001ce30000)]
  0x000000001c051800 JavaThread "JDWP Event Helper Thread" daemon [_thread_blocked, id=11824, stack(0x000000001cc30000,0x000000001cd30000)]
  0x000000001c042000 JavaThread "JDWP Transport Listener: dt_socket" daemon [_thread_blocked, id=2472, stack(0x000000001cb30000,0x000000001cc30000)]
  0x000000001c035000 JavaThread "Attach Listener" daemon [_thread_blocked, id=6732, stack(0x000000001c6f0000,0x000000001c7f0000)]
  0x000000001c034000 JavaThread "Signal Dispatcher" daemon [_thread_blocked, id=628, stack(0x000000001c5f0000,0x000000001c6f0000)]
  0x000000001c020800 JavaThread "Finalizer" daemon [_thread_blocked, id=1000, stack(0x000000001c400000,0x000000001c500000)]
  0x000000001a131000 JavaThread "Reference Handler" daemon [_thread_blocked, id=2956, stack(0x000000001bf00000,0x000000001c000000)]

Other Threads:
=>0x000000001a128800 VMThread [stack: 0x000000001be00000,0x000000001bf00000] [id=1760]
  0x000000001d7cb800 WatcherThread [stack: 0x000000001de30000,0x000000001df30000] [id=5208]

VM state:at safepoint (normal execution)

VM Mutex/Monitor currently owned by a thread:  ([mutex/lock_event])
[0x00000000050b9ad0] Threads_lock - owner thread: 0x000000001a128800

Heap:
 PSYoungGen      total 275456K, used 99276K [0x00000000d5f00000, 0x00000000e8700000, 0x0000000100000000)
  eden space 263168K, 33% used [0x00000000d5f00000,0x00000000db442a80,0x00000000e6000000)
  from space 12288K, 97% used [0x00000000e7b00000,0x00000000e86b0688,0x00000000e8700000)
  to   space 16896K, 0% used [0x00000000e6600000,0x00000000e6600000,0x00000000e7680000)
 ParOldGen       total 96256K, used 22230K [0x0000000081c00000, 0x0000000087a00000, 0x00000000d5f00000)
  object space 96256K, 23% used [0x0000000081c00000,0x00000000831b5ab8,0x0000000087a00000)
 Metaspace       used 43783K, capacity 44270K, committed 44632K, reserved 1087488K
  class space    used 5841K, capacity 5958K, committed 6016K, reserved 1048576K

Card table byte_map: [0x0000000014570000,0x0000000014970000] byte_map_base: 0x0000000014162000

Marking Bits: (ParMarkBitMap*) 0x0000000069e6f860
 Begin Bits: [0x0000000015420000, 0x00000000173b0000)
 End Bits:   [0x00000000173b0000, 0x0000000019340000)

Polling page: 0x0000000003470000

CodeCache: size=245760Kb used=8578Kb max_used=8593Kb free=237181Kb
 bounds [0x00000000051b0000, 0x0000000005a20000, 0x00000000141b0000]
 total_blobs=4438 nmethods=3916 adapters=442
 compilation: enabled

Compilation events (10 events):
Event: 44.147 Thread 0x000000001c073000 3945       1       sun.nio.ch.WindowsSelectorImpl::access$1400 (5 bytes)
Event: 44.147 Thread 0x000000001c073000 nmethod 3945 0x00000000053d1150 code [0x00000000053d12a0, 0x00000000053d1390]
Event: 53.173 Thread 0x000000001c073000 3946       1       java.nio.channels.spi.AbstractSelector::isOpen (8 bytes)
Event: 53.173 Thread 0x000000001c073000 nmethod 3946 0x00000000053d0e50 code [0x00000000053d0fa0, 0x00000000053d10d0]
Event: 54.175 Thread 0x000000001c073000 3947  s    1       org.apache.tomcat.util.collections.SynchronizedQueue::size (23 bytes)
Event: 54.176 Thread 0x000000001c073000 nmethod 3947 0x00000000053d09d0 code [0x00000000053d0b20, 0x00000000053d0db0]
Event: 69.282 Thread 0x000000001c073000 3948   !   1       org.apache.tomcat.util.net.NioEndpoint$Poller::events (103 bytes)
Event: 69.283 Thread 0x000000001c073000 nmethod 3948 0x00000000053cff10 code [0x00000000053d00c0, 0x00000000053d05d8]
Event: 75.338 Thread 0x000000001c073000 3949       1       java.lang.Thread::isInterrupted (6 bytes)
Event: 75.338 Thread 0x000000001c073000 nmethod 3949 0x00000000053cfc10 code [0x00000000053cfd60, 0x00000000053cfea8]

GC Heap History (10 events):
Event: 2.243 GC heap before
{Heap before GC invocations=8 (full 1):
 PSYoungGen      total 142336K, used 133120K [0x00000000d5f00000, 0x00000000df400000, 0x0000000100000000)
  eden space 133120K, 100% used [0x00000000d5f00000,0x00000000de100000,0x00000000de100000)
  from space 9216K, 0% used [0x00000000deb00000,0x00000000deb00000,0x00000000df400000)
  to   space 9728K, 0% used [0x00000000de100000,0x00000000de100000,0x00000000dea80000)
 ParOldGen       total 59392K, used 8276K [0x0000000081c00000, 0x0000000085600000, 0x00000000d5f00000)
  object space 59392K, 13% used [0x0000000081c00000,0x0000000082415120,0x0000000085600000)
 Metaspace       used 25672K, capacity 25994K, committed 26368K, reserved 1073152K
  class space    used 3387K, capacity 3498K, committed 3584K, reserved 1048576K
Event: 2.249 GC heap after
Heap after GC invocations=8 (full 1):
 PSYoungGen      total 142848K, used 9717K [0x00000000d5f00000, 0x00000000e4080000, 0x0000000100000000)
  eden space 133120K, 0% used [0x00000000d5f00000,0x00000000d5f00000,0x00000000de100000)
  from space 9728K, 99% used [0x00000000de100000,0x00000000dea7d668,0x00000000dea80000)
  to   space 11264K, 0% used [0x00000000e3580000,0x00000000e3580000,0x00000000e4080000)
 ParOldGen       total 59392K, used 9236K [0x0000000081c00000, 0x0000000085600000, 0x00000000d5f00000)
  object space 59392K, 15% used [0x0000000081c00000,0x0000000082505158,0x0000000085600000)
 Metaspace       used 25672K, capacity 25994K, committed 26368K, reserved 1073152K
  class space    used 3387K, capacity 3498K, committed 3584K, reserved 1048576K
}
Event: 3.089 GC heap before
{Heap before GC invocations=9 (full 1):
 PSYoungGen      total 142848K, used 142837K [0x00000000d5f00000, 0x00000000e4080000, 0x0000000100000000)
  eden space 133120K, 100% used [0x00000000d5f00000,0x00000000de100000,0x00000000de100000)
  from space 9728K, 99% used [0x00000000de100000,0x00000000dea7d668,0x00000000dea80000)
  to   space 11264K, 0% used [0x00000000e3580000,0x00000000e3580000,0x00000000e4080000)
 ParOldGen       total 59392K, used 9236K [0x0000000081c00000, 0x0000000085600000, 0x00000000d5f00000)
  object space 59392K, 15% used [0x0000000081c00000,0x0000000082505158,0x0000000085600000)
 Metaspace       used 31779K, capacity 32134K, committed 32512K, reserved 1077248K
  class space    used 4184K, capacity 4276K, committed 4352K, reserved 1048576K
Event: 3.098 GC heap after
Heap after GC invocations=9 (full 1):
 PSYoungGen      total 215040K, used 11263K [0x00000000d5f00000, 0x00000000e4300000, 0x0000000100000000)
  eden space 203776K, 0% used [0x00000000d5f00000,0x00000000d5f00000,0x00000000e2600000)
  from space 11264K, 99% used [0x00000000e3580000,0x00000000e407fc98,0x00000000e4080000)
  to   space 14848K, 0% used [0x00000000e2600000,0x00000000e2600000,0x00000000e3480000)
 ParOldGen       total 59392K, used 14304K [0x0000000081c00000, 0x0000000085600000, 0x00000000d5f00000)
  object space 59392K, 24% used [0x0000000081c00000,0x00000000829f83c8,0x0000000085600000)
 Metaspace       used 31779K, capacity 32134K, committed 32512K, reserved 1077248K
  class space    used 4184K, capacity 4276K, committed 4352K, reserved 1048576K
}
Event: 3.332 GC heap before
{Heap before GC invocations=10 (full 1):
 PSYoungGen      total 215040K, used 53422K [0x00000000d5f00000, 0x00000000e4300000, 0x0000000100000000)
  eden space 203776K, 20% used [0x00000000d5f00000,0x00000000d882bdf0,0x00000000e2600000)
  from space 11264K, 99% used [0x00000000e3580000,0x00000000e407fc98,0x00000000e4080000)
  to   space 14848K, 0% used [0x00000000e2600000,0x00000000e2600000,0x00000000e3480000)
 ParOldGen       total 59392K, used 14304K [0x0000000081c00000, 0x0000000085600000, 0x00000000d5f00000)
  object space 59392K, 24% used [0x0000000081c00000,0x00000000829f83c8,0x0000000085600000)
 Metaspace       used 34830K, capacity 35206K, committed 35416K, reserved 1079296K
  class space    used 4602K, capacity 4724K, committed 4736K, reserved 1048576K
Event: 3.340 GC heap after
Heap after GC invocations=10 (full 1):
 PSYoungGen      total 218624K, used 14604K [0x00000000d5f00000, 0x00000000e8b80000, 0x0000000100000000)
  eden space 203776K, 0% used [0x00000000d5f00000,0x00000000d5f00000,0x00000000e2600000)
  from space 14848K, 98% used [0x00000000e2600000,0x00000000e34431a8,0x00000000e3480000)
  to   space 16896K, 0% used [0x00000000e7b00000,0x00000000e7b00000,0x00000000e8b80000)
 ParOldGen       total 59392K, used 14320K [0x0000000081c00000, 0x0000000085600000, 0x00000000d5f00000)
  object space 59392K, 24% used [0x0000000081c00000,0x00000000829fc3d8,0x0000000085600000)
 Metaspace       used 34830K, capacity 35206K, committed 35416K, reserved 1079296K
  class space    used 4602K, capacity 4724K, committed 4736K, reserved 1048576K
}
Event: 3.340 GC heap before
{Heap before GC invocations=11 (full 2):
 PSYoungGen      total 218624K, used 14604K [0x00000000d5f00000, 0x00000000e8b80000, 0x0000000100000000)
  eden space 203776K, 0% used [0x00000000d5f00000,0x00000000d5f00000,0x00000000e2600000)
  from space 14848K, 98% used [0x00000000e2600000,0x00000000e34431a8,0x00000000e3480000)
  to   space 16896K, 0% used [0x00000000e7b00000,0x00000000e7b00000,0x00000000e8b80000)
 ParOldGen       total 59392K, used 14320K [0x0000000081c00000, 0x0000000085600000, 0x00000000d5f00000)
  object space 59392K, 24% used [0x0000000081c00000,0x00000000829fc3d8,0x0000000085600000)
 Metaspace       used 34830K, capacity 35206K, committed 35416K, reserved 1079296K
  class space    used 4602K, capacity 4724K, committed 4736K, reserved 1048576K
Event: 3.377 GC heap after
Heap after GC invocations=11 (full 2):
 PSYoungGen      total 218624K, used 0K [0x00000000d5f00000, 0x00000000e8b80000, 0x0000000100000000)
  eden space 203776K, 0% used [0x00000000d5f00000,0x00000000d5f00000,0x00000000e2600000)
  from space 14848K, 0% used [0x00000000e2600000,0x00000000e2600000,0x00000000e3480000)
  to   space 16896K, 0% used [0x00000000e7b00000,0x00000000e7b00000,0x00000000e8b80000)
 ParOldGen       total 96256K, used 22222K [0x0000000081c00000, 0x0000000087a00000, 0x00000000d5f00000)
  object space 96256K, 23% used [0x0000000081c00000,0x00000000831b3ab8,0x0000000087a00000)
 Metaspace       used 34830K, capacity 35206K, committed 35416K, reserved 1079296K
  class space    used 4602K, capacity 4724K, committed 4736K, reserved 1048576K
}
Event: 4.557 GC heap before
{Heap before GC invocations=12 (full 2):
 PSYoungGen      total 218624K, used 203776K [0x00000000d5f00000, 0x00000000e8b80000, 0x0000000100000000)
  eden space 203776K, 100% used [0x00000000d5f00000,0x00000000e2600000,0x00000000e2600000)
  from space 14848K, 0% used [0x00000000e2600000,0x00000000e2600000,0x00000000e3480000)
  to   space 16896K, 0% used [0x00000000e7b00000,0x00000000e7b00000,0x00000000e8b80000)
 ParOldGen       total 96256K, used 22222K [0x0000000081c00000, 0x0000000087a00000, 0x00000000d5f00000)
  object space 96256K, 23% used [0x0000000081c00000,0x00000000831b3ab8,0x0000000087a00000)
 Metaspace       used 41173K, capacity 41600K, committed 41944K, reserved 1085440K
  class space    used 5498K, capacity 5603K, committed 5632K, reserved 1048576K
Event: 4.565 GC heap after
Heap after GC invocations=12 (full 2):
 PSYoungGen      total 275456K, used 11969K [0x00000000d5f00000, 0x00000000e8700000, 0x0000000100000000)
  eden space 263168K, 0% used [0x00000000d5f00000,0x00000000d5f00000,0x00000000e6000000)
  from space 12288K, 97% used [0x00000000e7b00000,0x00000000e86b0688,0x00000000e8700000)
  to   space 16896K, 0% used [0x00000000e6600000,0x00000000e6600000,0x00000000e7680000)
 ParOldGen       total 96256K, used 22230K [0x0000000081c00000, 0x0000000087a00000, 0x00000000d5f00000)
  object space 96256K, 23% used [0x0000000081c00000,0x00000000831b5ab8,0x0000000087a00000)
 Metaspace       used 41173K, capacity 41600K, committed 41944K, reserved 1085440K
  class space    used 5498K, capacity 5603K, committed 5632K, reserved 1048576K
}

Deoptimization events (0 events):
No events

Classes redefined (1 events):
Event: 71.713 Thread 0x000000001a128800 redefined class name=co.ceiba.parking.controller.ParkingController, count=1

Internal exceptions (10 events):
Event: 8.256 Thread 0x0000000021807800 Exception <a 'java/lang/ClassNotFoundException': org/springframework/web/servlet/support/AbstractFlashMapManagerCustomizer> (0x00000000d9ff99d0) thrown at [C:\re\workspace\8-2-build-windows-amd64-cygwin\jdk8u161\10277\hotspot\src\share\vm\classfile\system
Event: 8.257 Thread 0x0000000021807800 Exception <a 'java/lang/ClassNotFoundException': org/springframework/web/servlet/support/SessionFlashMapManagerCustomizer> (0x00000000da023dd0) thrown at [C:\re\workspace\8-2-build-windows-amd64-cygwin\jdk8u161\10277\hotspot\src\share\vm\classfile\systemD
Event: 8.258 Thread 0x0000000021807800 Exception <a 'java/lang/ClassNotFoundException': org/springframework/web/servlet/FlashMapManagerCustomizer> (0x00000000da043fc8) thrown at [C:\re\workspace\8-2-build-windows-amd64-cygwin\jdk8u161\10277\hotspot\src\share\vm\classfile\systemDictionary.cpp, 
Event: 12.636 Thread 0x0000000021808800 Exception <a 'java/lang/ArrayIndexOutOfBoundsException'> (0x00000000da875b10) thrown at [C:\re\workspace\8-2-build-windows-amd64-cygwin\jdk8u161\10277\hotspot\src\share\vm\runtime\sharedRuntime.cpp, line 605]
Event: 12.636 Thread 0x0000000021808800 Exception <a 'java/lang/ArrayIndexOutOfBoundsException'> (0x00000000da877998) thrown at [C:\re\workspace\8-2-build-windows-amd64-cygwin\jdk8u161\10277\hotspot\src\share\vm\runtime\sharedRuntime.cpp, line 605]
Event: 12.637 Thread 0x0000000021808800 Exception <a 'java/lang/ArrayIndexOutOfBoundsException'> (0x00000000da87ebf8) thrown at [C:\re\workspace\8-2-build-windows-amd64-cygwin\jdk8u161\10277\hotspot\src\share\vm\runtime\sharedRuntime.cpp, line 605]
Event: 12.637 Thread 0x0000000021808800 Exception <a 'java/lang/ArrayIndexOutOfBoundsException'> (0x00000000da880760) thrown at [C:\re\workspace\8-2-build-windows-amd64-cygwin\jdk8u161\10277\hotspot\src\share\vm\runtime\sharedRuntime.cpp, line 605]
Event: 12.637 Thread 0x0000000021808800 Exception <a 'java/lang/ArrayIndexOutOfBoundsException'> (0x00000000da887260) thrown at [C:\re\workspace\8-2-build-windows-amd64-cygwin\jdk8u161\10277\hotspot\src\share\vm\runtime\sharedRuntime.cpp, line 605]
Event: 12.660 Thread 0x0000000021808800 Exception <a 'java/lang/ArrayIndexOutOfBoundsException'> (0x00000000daa9cfc8) thrown at [C:\re\workspace\8-2-build-windows-amd64-cygwin\jdk8u161\10277\hotspot\src\share\vm\runtime\sharedRuntime.cpp, line 605]
Event: 12.664 Thread 0x0000000021808800 Exception <a 'java/lang/ArrayIndexOutOfBoundsException'> (0x00000000daad8d88) thrown at [C:\re\workspace\8-2-build-windows-amd64-cygwin\jdk8u161\10277\hotspot\src\share\vm\runtime\sharedRuntime.cpp, line 605]

Events (10 events):
Event: 32.505 loading class org/apache/tomcat/PeriodicEventListener done
Event: 32.505 Thread 0x000000001f2c2000 DEOPT PACKING pc=0x00000000053d2a49 sp=0x00000000208de000
Event: 32.505 Thread 0x000000001f2c2000 DEOPT UNPACKING pc=0x00000000051f7890 sp=0x00000000208ddd50 mode 1
Event: 32.505 Thread 0x000000001f2c2000 DEOPT PACKING pc=0x00000000057a0534 sp=0x00000000208de080
Event: 32.505 Thread 0x000000001f2c2000 DEOPT UNPACKING pc=0x00000000051f7890 sp=0x00000000208dde90 mode 1
Event: 32.505 Thread 0x000000001f2c2000 DEOPT PACKING pc=0x00000000057a047c sp=0x00000000208de200
Event: 32.505 Thread 0x000000001f2c2000 DEOPT UNPACKING pc=0x00000000051f7890 sp=0x00000000208de010 mode 1
Event: 71.692 Executing VM operation: RedefineClasses
Event: 71.714 Executing VM operation: RedefineClasses done
Event: 77.050 Executing VM operation: RedefineClasses


Dynamic libraries:
0x00007ff7bf4c0000 - 0x00007ff7bf4f7000 	C:\Program Files\Java\jre1.8.0_161\bin\javaw.exe
0x00007ffe4ae70000 - 0x00007ffe4b050000 	C:\Windows\SYSTEM32\ntdll.dll
0x00007ffe48730000 - 0x00007ffe487de000 	C:\Windows\System32\KERNEL32.DLL
0x00007ffe47b60000 - 0x00007ffe47dc6000 	C:\Windows\System32\KERNELBASE.dll
0x000000006a390000 - 0x000000006a443000 	C:\Program Files\Bitdefender\Endpoint Security\Signatures\AVC\AVC3_00645_004\avcuf64.dll
0x00007ffe4a920000 - 0x00007ffe4a9c1000 	C:\Windows\System32\ADVAPI32.dll
0x00007ffe48840000 - 0x00007ffe488dd000 	C:\Windows\System32\msvcrt.dll
0x00007ffe487e0000 - 0x00007ffe4883b000 	C:\Windows\System32\sechost.dll
0x00007ffe484c0000 - 0x00007ffe485df000 	C:\Windows\System32\RPCRT4.dll
0x00007ffe4ab40000 - 0x00007ffe4accf000 	C:\Windows\System32\USER32.dll
0x00007ffe482d0000 - 0x00007ffe482f0000 	C:\Windows\System32\win32u.dll
0x00007ffe486f0000 - 0x00007ffe48718000 	C:\Windows\System32\GDI32.dll
0x00007ffe48130000 - 0x00007ffe482c3000 	C:\Windows\System32\gdi32full.dll
0x00007ffe47ac0000 - 0x00007ffe47b5b000 	C:\Windows\System32\msvcp_win.dll
0x00007ffe479c0000 - 0x00007ffe47ab6000 	C:\Windows\System32\ucrtbase.dll
0x00007ffe37f20000 - 0x00007ffe38189000 	C:\Windows\WinSxS\amd64_microsoft.windows.common-controls_6595b64144ccf1df_6.0.16299.248_none_15ced204935f55d7\COMCTL32.dll
0x00007ffe4a4f0000 - 0x00007ffe4a7f8000 	C:\Windows\System32\combase.dll
0x00007ffe47dd0000 - 0x00007ffe47e42000 	C:\Windows\System32\bcryptPrimitives.dll
0x00007ffe4ab10000 - 0x00007ffe4ab3d000 	C:\Windows\System32\IMM32.DLL
0x00000000684e0000 - 0x00000000685b2000 	C:\Program Files\Java\jre1.8.0_161\bin\msvcr100.dll
0x0000000069650000 - 0x0000000069eef000 	C:\Program Files\Java\jre1.8.0_161\bin\server\jvm.dll
0x00007ffe48720000 - 0x00007ffe48728000 	C:\Windows\System32\PSAPI.DLL
0x00007ffe436e0000 - 0x00007ffe436e9000 	C:\Windows\SYSTEM32\WSOCK32.dll
0x00007ffe4aaa0000 - 0x00007ffe4ab0c000 	C:\Windows\System32\WS2_32.dll
0x00007ffe45620000 - 0x00007ffe45643000 	C:\Windows\SYSTEM32\WINMM.dll
0x00007ffe3b9a0000 - 0x00007ffe3b9aa000 	C:\Windows\SYSTEM32\VERSION.dll
0x00007ffe455c0000 - 0x00007ffe455ea000 	C:\Windows\SYSTEM32\WINMMBASE.dll
0x00007ffe482f0000 - 0x00007ffe4833a000 	C:\Windows\System32\cfgmgr32.dll
0x000000006a450000 - 0x000000006a45f000 	C:\Program Files\Java\jre1.8.0_161\bin\verify.dll
0x0000000069540000 - 0x0000000069569000 	C:\Program Files\Java\jre1.8.0_161\bin\java.dll
0x00000000684a0000 - 0x00000000684d5000 	C:\Program Files\Java\jre1.8.0_161\bin\jdwp.dll
0x0000000068490000 - 0x0000000068498000 	C:\Program Files\Java\jre1.8.0_161\bin\npt.dll
0x0000000069520000 - 0x0000000069536000 	C:\Program Files\Java\jre1.8.0_161\bin\zip.dll
0x00007ffe48ff0000 - 0x00007ffe4a426000 	C:\Windows\System32\SHELL32.dll
0x00007ffe48a90000 - 0x00007ffe48b36000 	C:\Windows\System32\shcore.dll
0x00007ffe47270000 - 0x00007ffe479b7000 	C:\Windows\System32\windows.storage.dll
0x00007ffe4a490000 - 0x00007ffe4a4e1000 	C:\Windows\System32\shlwapi.dll
0x00007ffe47230000 - 0x00007ffe47241000 	C:\Windows\System32\kernel.appcore.dll
0x00007ffe471e0000 - 0x00007ffe4722c000 	C:\Windows\System32\powrprof.dll
0x00007ffe47250000 - 0x00007ffe4726b000 	C:\Windows\System32\profapi.dll
0x0000000068480000 - 0x0000000068489000 	C:\Program Files\Java\jre1.8.0_161\bin\dt_socket.dll
0x00007ffe37ab0000 - 0x00007ffe37ac6000 	C:\Windows\system32\napinsp.dll
0x00007ffe37ad0000 - 0x00007ffe37aea000 	C:\Windows\system32\pnrpnsp.dll
0x00007ffe453a0000 - 0x00007ffe453b8000 	C:\Windows\system32\NLAapi.dll
0x00007ffe469f0000 - 0x00007ffe46a56000 	C:\Windows\System32\mswsock.dll
0x00007ffe467c0000 - 0x00007ffe46876000 	C:\Windows\SYSTEM32\DNSAPI.dll
0x00007ffe484b0000 - 0x00007ffe484b8000 	C:\Windows\System32\NSI.dll
0x00007ffe46780000 - 0x00007ffe467b9000 	C:\Windows\SYSTEM32\IPHLPAPI.DLL
0x00007ffe37b20000 - 0x00007ffe37b2e000 	C:\Windows\System32\winrnr.dll
0x00007ffe43910000 - 0x00007ffe43980000 	C:\Windows\System32\fwpuclnt.dll
0x00007ffe46cc0000 - 0x00007ffe46ce5000 	C:\Windows\SYSTEM32\bcrypt.dll
0x00007ffe40230000 - 0x00007ffe4023a000 	C:\Windows\System32\rasadhlp.dll
0x0000000068a60000 - 0x0000000068a6d000 	C:\Program Files\Java\jre1.8.0_161\bin\management.dll
0x0000000069500000 - 0x000000006951a000 	C:\Program Files\Java\jre1.8.0_161\bin\net.dll
0x00000000694e0000 - 0x00000000694f1000 	C:\Program Files\Java\jre1.8.0_161\bin\nio.dll
0x00007ffe46bb0000 - 0x00007ffe46bc7000 	C:\Windows\SYSTEM32\CRYPTSP.dll
0x00007ffe46600000 - 0x00007ffe46633000 	C:\Windows\system32\rsaenh.dll
0x00007ffe470f0000 - 0x00007ffe47119000 	C:\Windows\SYSTEM32\USERENV.dll
0x00007ffe46bd0000 - 0x00007ffe46bdb000 	C:\Windows\SYSTEM32\CRYPTBASE.dll
0x00007ffe436a0000 - 0x00007ffe436b6000 	C:\Windows\SYSTEM32\dhcpcsvc6.DLL
0x00007ffe43660000 - 0x00007ffe4367a000 	C:\Windows\SYSTEM32\dhcpcsvc.DLL
0x00007ffe3aad0000 - 0x00007ffe3ac98000 	C:\Windows\SYSTEM32\dbghelp.dll
0x00007ffe3a010000 - 0x00007ffe3a039000 	C:\Windows\SYSTEM32\dbgcore.DLL

VM Arguments:
jvm_args: -agentlib:jdwp=transport=dt_socket,suspend=y,address=localhost:60975 -Dcom.sun.management.jmxremote -Dcom.sun.management.jmxremote.port=60974 -Dcom.sun.management.jmxremote.authenticate=false -Dcom.sun.management.jmxremote.ssl=false -Djava.rmi.server.hostname=localhost -Dspring.liveBeansView.mbeanDomain -Dspring.application.admin.enabled=true -Xverify:none -XX:TieredStopAtLevel=1 -Dfile.encoding=Cp1252 
java_command: co.ceiba.parking.ParkingApplication
java_class_path (initial): C:\Program Files\Java\jre1.8.0_161\lib\resources.jar;C:\Program Files\Java\jre1.8.0_161\lib\rt.jar;C:\Program Files\Java\jre1.8.0_161\lib\jsse.jar;C:\Program Files\Java\jre1.8.0_161\lib\jce.jar;C:\Program Files\Java\jre1.8.0_161\lib\charsets.jar;C:\Program Files\Java\jre1.8.0_161\lib\jfr.jar;C:\Program Files\Java\jre1.8.0_161\lib\ext\access-bridge-64.jar;C:\Program Files\Java\jre1.8.0_161\lib\ext\cldrdata.jar;C:\Program Files\Java\jre1.8.0_161\lib\ext\dnsns.jar;C:\Program Files\Java\jre1.8.0_161\lib\ext\jaccess.jar;C:\Program Files\Java\jre1.8.0_161\lib\ext\jfxrt.jar;C:\Program Files\Java\jre1.8.0_161\lib\ext\localedata.jar;C:\Program Files\Java\jre1.8.0_161\lib\ext\nashorn.jar;C:\Program Files\Java\jre1.8.0_161\lib\ext\sunec.jar;C:\Program Files\Java\jre1.8.0_161\lib\ext\sunjce_provider.jar;C:\Program Files\Java\jre1.8.0_161\lib\ext\sunmscapi.jar;C:\Program Files\Java\jre1.8.0_161\lib\ext\sunpkcs11.jar;C:\Program Files\Java\jre1.8.0_161\lib\ext\zipfs.jar;D:\Proyectos\Curso\PruebaConcepto\parking\bin;C:\Users\alejandro.gomez\.gradle\caches\modules-2\files-2.1\antlr\antlr\2.7.7\83cd2cd674a217ade95a4bb83a8a14f351f48bd0\antlr-2.7.7.jar;C:\Users\alejandro.gomez\.gradle\caches\modules-2\files-2.1\ch.qos.logback\logback-classic\1.1.11\ccedfbacef4a6515d2983e3f89ed753d5d4fb665\logback-classic-1.1.11.jar;C:\Users\alejandro.gomez\.gradle\caches\modules-2\files-2.1\ch.qos.logback\logback-core\1.1.11\88b8df40340eed549fb07e2613879bf6b006704d\logback-core-1.1.11.jar;C:\Users\alejandro.gomez\.gradle\caches\modules-2\files-2.1\com.fasterxml.jackson.core\jackson-annotations\2.8.0\45b426f7796b741035581a176744d91090e2e6fb\jackson-annotations-2.8.0.jar;C:\Users\alejandro.gomez\.gradle\caches\modules-2\files-2.1\com.fasterxml.jackson.core\jackson-core\2.8.10\eb21a035c66ad307e66ec8fce37f5d50fd62d039\jackson-core-2.8.10.jar;C:\Users\alejandro.gomez\.gradle\caches\modules-2\files-2.1\com.fasterxml.jackson.core\jackson-databind\2.8.10\f7b83cb2bc4b88d53961e749e1a
Launcher Type: SUN_STANDARD

Environment Variables:
JAVA_HOME=C:\Program Files\Java\jdk1.8.0_161
PATH=C:/Program Files/Java/jre1.8.0_161/bin/server;C:/Program Files/Java/jre1.8.0_161/bin;C:/Program Files/Java/jre1.8.0_161/lib/amd64;C:\ProgramData\Oracle\Java\javapath;C:\Program Files (x86)\Intel\iCLS Client\;C:\Program Files\Intel\iCLS Client\;C:\Oracle\product\11.1.0\client_1\bin;C:\Program Files\CollabNet\Subversion Client;C:\Windows\system32;C:\Windows;C:\Windows\System32\Wbem;C:\Windows\System32\WindowsPowerShell\v1.0\;C:\Program Files (x86)\Intel\Intel(R) Management Engine Components\DAL;C:\Program Files\Intel\Intel(R) Management Engine Components\DAL;C:\Program Files (x86)\Intel\Intel(R) Management Engine Components\IPT;C:\Program Files\Intel\Intel(R) Management Engine Components\IPT;D:\ProgramFiles\nodejs\;C:\Program Files\PuTTY\;C:\Program Files\Git\cmd;C:\Program Files\TortoiseGit\bin;C:\Program Files\MySQL\MySQL Utilities 1.6\;C:\Users\alejandro.gomez\scoop\shims;C:\Users\alejandro.gomez\AppData\Local\Microsoft\WindowsApps;C:\Users\alejandro.gomez\AppData\Roaming\npm;C:\ProgramData\chocolatey\bin;;C:\Windows\System32;
USERNAME=alejandro.gomez
OS=Windows_NT
PROCESSOR_IDENTIFIER=Intel64 Family 6 Model 58 Stepping 9, GenuineIntel



---------------  S Y S T E M  ---------------

OS: Windows 10.0 , 64 bit Build 16299 (10.0.16299.15)

CPU:total 8 (initial active 8) (4 cores per cpu, 2 threads per core) family 6 model 58 stepping 9, cmov, cx8, fxsr, mmx, sse, sse2, sse3, ssse3, sse4.1, sse4.2, popcnt, avx, aes, clmul, erms, ht, tsc, tscinvbit, tscinv

Memory: 4k page, physical 8272428k(1353712k free), swap 12204588k(4069624k free)

vm_info: Java HotSpot(TM) 64-Bit Server VM (25.161-b12) for windows-amd64 JRE (1.8.0_161-b12), built on Dec 19 2017 17:52:25 by "java_re" with MS VC++ 10.0 (VS2010)

time: Thu Feb 22 08:05:51 2018
elapsed time: 77 seconds (0d 0h 1m 17s)

